2024-03-28 17:24:57.659  INFO 21648 --- [main] com.hcl.OneToOneDemoApplication          : Starting OneToOneDemoApplication using Java 17.0.1 on LP-5CD134JB51 with PID 21648 (C:\JavaPractice\SPRING_WS\OneToOneDemo\target\classes started by aaki.bhoomika in C:\JavaPractice\SPRING_WS\OneToOneDemo)
2024-03-28 17:24:57.698  INFO 21648 --- [main] com.hcl.OneToOneDemoApplication          : No active profile set, falling back to 1 default profile: "default"
2024-03-28 17:25:00.162  INFO 21648 --- [main] .s.d.r.c.RepositoryConfigurationDelegate : Bootstrapping Spring Data JPA repositories in DEFAULT mode.
2024-03-28 17:25:00.353  INFO 21648 --- [main] .s.d.r.c.RepositoryConfigurationDelegate : Finished Spring Data repository scanning in 134 ms. Found 1 JPA repository interfaces.
2024-03-28 17:25:02.067  INFO 21648 --- [main] o.s.b.w.embedded.tomcat.TomcatWebServer  : Tomcat initialized with port(s): 8082 (http)
2024-03-28 17:25:02.086  INFO 21648 --- [main] o.apache.catalina.core.StandardService   : Starting service [Tomcat]
2024-03-28 17:25:02.087  INFO 21648 --- [main] org.apache.catalina.core.StandardEngine  : Starting Servlet engine: [Apache Tomcat/9.0.58]
2024-03-28 17:25:02.579  INFO 21648 --- [main] o.a.c.c.C.[Tomcat].[localhost].[/]       : Initializing Spring embedded WebApplicationContext
2024-03-28 17:25:02.580  INFO 21648 --- [main] w.s.c.ServletWebServerApplicationContext : Root WebApplicationContext: initialization completed in 4742 ms
2024-03-28 17:25:03.109  INFO 21648 --- [main] o.hibernate.jpa.internal.util.LogHelper  : HHH000204: Processing PersistenceUnitInfo [name: default]
2024-03-28 17:25:03.239  INFO 21648 --- [main] org.hibernate.Version                    : HHH000412: Hibernate ORM core version 5.4.33
2024-03-28 17:25:03.551  INFO 21648 --- [main] o.hibernate.annotations.common.Version   : HCANN000001: Hibernate Commons Annotations {5.1.2.Final}
2024-03-28 17:25:03.764  INFO 21648 --- [main] com.zaxxer.hikari.HikariDataSource       : HikariPool-1 - Starting...
2024-03-28 17:25:04.630  INFO 21648 --- [main] com.zaxxer.hikari.HikariDataSource       : HikariPool-1 - Start completed.
2024-03-28 17:25:04.663  INFO 21648 --- [main] org.hibernate.dialect.Dialect            : HHH000400: Using dialect: org.hibernate.dialect.MySQL8Dialect
2024-03-28 17:25:05.712  INFO 21648 --- [main] org.hibernate.tuple.PojoInstantiator     : HHH000182: No default (no-argument) constructor for class: com.hcl.model.Employee (class must be instantiated by Interceptor)
2024-03-28 17:25:06.403  INFO 21648 --- [main] o.h.e.t.j.p.i.JtaPlatformInitiator       : HHH000490: Using JtaPlatform implementation: [org.hibernate.engine.transaction.jta.platform.internal.NoJtaPlatform]
2024-03-28 17:25:06.438  INFO 21648 --- [main] j.LocalContainerEntityManagerFactoryBean : Initialized JPA EntityManagerFactory for persistence unit 'default'
2024-03-28 17:25:07.749  WARN 21648 --- [main] JpaBaseConfiguration$JpaWebConfiguration : spring.jpa.open-in-view is enabled by default. Therefore, database queries may be performed during view rendering. Explicitly configure spring.jpa.open-in-view to disable this warning
2024-03-28 17:25:14.885  INFO 21648 --- [main] o.s.b.w.embedded.tomcat.TomcatWebServer  : Tomcat started on port(s): 8082 (http) with context path ''
2024-03-28 17:25:14.888  INFO 21648 --- [main] d.s.w.p.DocumentationPluginsBootstrapper : Context refreshed
2024-03-28 17:25:14.985  INFO 21648 --- [main] d.s.w.p.DocumentationPluginsBootstrapper : Found 1 custom documentation plugin(s)
2024-03-28 17:25:15.002  INFO 21648 --- [main] s.d.s.w.s.ApiListingReferenceScanner     : Scanning for api listing references
2024-03-28 17:25:15.260  INFO 21648 --- [main] com.hcl.OneToOneDemoApplication          : Started OneToOneDemoApplication in 18.636 seconds (JVM running for 22.071)
2024-03-28 17:25:39.191  INFO 21648 --- [http-nio-8082-exec-1] o.a.c.c.C.[Tomcat].[localhost].[/]       : Initializing Spring DispatcherServlet 'dispatcherServlet'
2024-03-28 17:25:39.192  INFO 21648 --- [http-nio-8082-exec-1] o.s.web.servlet.DispatcherServlet        : Initializing Servlet 'dispatcherServlet'
2024-03-28 17:25:39.194  INFO 21648 --- [http-nio-8082-exec-1] o.s.web.servlet.DispatcherServlet        : Completed initialization in 1 ms
2024-03-28 17:25:40.636  INFO 21648 --- [http-nio-8082-exec-4] o.springdoc.api.AbstractOpenApiResource  : Init duration for springdoc-openapi is: 849 ms
2024-03-28 17:44:22.625  INFO 372 --- [main] com.hcl.OneToOneDemoApplication          : Starting OneToOneDemoApplication using Java 17.0.1 on LP-5CD134JB51 with PID 372 (C:\JavaPractice\SPRING_WS\OneToOneDemo\target\classes started by aaki.bhoomika in C:\JavaPractice\SPRING_WS\OneToOneDemo)
2024-03-28 17:44:22.631  INFO 372 --- [main] com.hcl.OneToOneDemoApplication          : No active profile set, falling back to 1 default profile: "default"
2024-03-28 17:44:25.356  INFO 372 --- [main] .s.d.r.c.RepositoryConfigurationDelegate : Bootstrapping Spring Data JPA repositories in DEFAULT mode.
2024-03-28 17:44:25.530  INFO 372 --- [main] .s.d.r.c.RepositoryConfigurationDelegate : Finished Spring Data repository scanning in 141 ms. Found 1 JPA repository interfaces.
2024-03-28 17:44:27.271  INFO 372 --- [main] o.s.b.w.embedded.tomcat.TomcatWebServer  : Tomcat initialized with port(s): 8082 (http)
2024-03-28 17:44:27.292  INFO 372 --- [main] o.apache.catalina.core.StandardService   : Starting service [Tomcat]
2024-03-28 17:44:27.293  INFO 372 --- [main] org.apache.catalina.core.StandardEngine  : Starting Servlet engine: [Apache Tomcat/9.0.58]
2024-03-28 17:44:27.721  INFO 372 --- [main] o.a.c.c.C.[Tomcat].[localhost].[/]       : Initializing Spring embedded WebApplicationContext
2024-03-28 17:44:27.723  INFO 372 --- [main] w.s.c.ServletWebServerApplicationContext : Root WebApplicationContext: initialization completed in 4974 ms
2024-03-28 17:44:28.179  INFO 372 --- [main] o.hibernate.jpa.internal.util.LogHelper  : HHH000204: Processing PersistenceUnitInfo [name: default]
2024-03-28 17:44:28.313  INFO 372 --- [main] org.hibernate.Version                    : HHH000412: Hibernate ORM core version 5.4.33
2024-03-28 17:44:28.620  INFO 372 --- [main] o.hibernate.annotations.common.Version   : HCANN000001: Hibernate Commons Annotations {5.1.2.Final}
2024-03-28 17:44:28.817  INFO 372 --- [main] com.zaxxer.hikari.HikariDataSource       : HikariPool-1 - Starting...
2024-03-28 17:44:29.558  INFO 372 --- [main] com.zaxxer.hikari.HikariDataSource       : HikariPool-1 - Start completed.
2024-03-28 17:44:29.578  INFO 372 --- [main] org.hibernate.dialect.Dialect            : HHH000400: Using dialect: org.hibernate.dialect.MySQL8Dialect
2024-03-28 17:44:30.560  INFO 372 --- [main] org.hibernate.tuple.PojoInstantiator     : HHH000182: No default (no-argument) constructor for class: com.hcl.model.Employee (class must be instantiated by Interceptor)
2024-03-28 17:44:31.163  INFO 372 --- [main] o.h.e.t.j.p.i.JtaPlatformInitiator       : HHH000490: Using JtaPlatform implementation: [org.hibernate.engine.transaction.jta.platform.internal.NoJtaPlatform]
2024-03-28 17:44:31.178  INFO 372 --- [main] j.LocalContainerEntityManagerFactoryBean : Initialized JPA EntityManagerFactory for persistence unit 'default'
2024-03-28 17:44:32.398  WARN 372 --- [main] JpaBaseConfiguration$JpaWebConfiguration : spring.jpa.open-in-view is enabled by default. Therefore, database queries may be performed during view rendering. Explicitly configure spring.jpa.open-in-view to disable this warning
2024-03-28 17:44:39.232  INFO 372 --- [main] o.s.b.w.embedded.tomcat.TomcatWebServer  : Tomcat started on port(s): 8082 (http) with context path ''
2024-03-28 17:44:39.235  INFO 372 --- [main] d.s.w.p.DocumentationPluginsBootstrapper : Context refreshed
2024-03-28 17:44:39.296  INFO 372 --- [main] d.s.w.p.DocumentationPluginsBootstrapper : Found 1 custom documentation plugin(s)
2024-03-28 17:44:39.324  INFO 372 --- [main] s.d.s.w.s.ApiListingReferenceScanner     : Scanning for api listing references
2024-03-28 17:44:39.610  INFO 372 --- [main] com.hcl.OneToOneDemoApplication          : Started OneToOneDemoApplication in 18.238 seconds (JVM running for 22.075)
2024-03-28 17:47:21.210  INFO 372 --- [http-nio-8082-exec-1] o.a.c.c.C.[Tomcat].[localhost].[/]       : Initializing Spring DispatcherServlet 'dispatcherServlet'
2024-03-28 17:47:21.212  INFO 372 --- [http-nio-8082-exec-1] o.s.web.servlet.DispatcherServlet        : Initializing Servlet 'dispatcherServlet'
2024-03-28 17:47:21.217  INFO 372 --- [http-nio-8082-exec-1] o.s.web.servlet.DispatcherServlet        : Completed initialization in 4 ms
2024-03-28 17:47:22.640  INFO 372 --- [http-nio-8082-exec-2] o.springdoc.api.AbstractOpenApiResource  : Init duration for springdoc-openapi is: 1130 ms
2024-03-28 17:48:50.299  INFO 21988 --- [main] com.hcl.OneToOneDemoApplication          : Starting OneToOneDemoApplication using Java 17.0.1 on LP-5CD134JB51 with PID 21988 (C:\JavaPractice\SPRING_WS\OneToOneDemo\target\classes started by aaki.bhoomika in C:\JavaPractice\SPRING_WS\OneToOneDemo)
2024-03-28 17:48:50.307  INFO 21988 --- [main] com.hcl.OneToOneDemoApplication          : No active profile set, falling back to 1 default profile: "default"
2024-03-28 17:48:52.644  INFO 21988 --- [main] .s.d.r.c.RepositoryConfigurationDelegate : Bootstrapping Spring Data JPA repositories in DEFAULT mode.
2024-03-28 17:48:52.767  INFO 21988 --- [main] .s.d.r.c.RepositoryConfigurationDelegate : Finished Spring Data repository scanning in 99 ms. Found 1 JPA repository interfaces.
2024-03-28 17:48:54.383  INFO 21988 --- [main] o.s.b.w.embedded.tomcat.TomcatWebServer  : Tomcat initialized with port(s): 8082 (http)
2024-03-28 17:48:54.406  INFO 21988 --- [main] o.apache.catalina.core.StandardService   : Starting service [Tomcat]
2024-03-28 17:48:54.407  INFO 21988 --- [main] org.apache.catalina.core.StandardEngine  : Starting Servlet engine: [Apache Tomcat/9.0.58]
2024-03-28 17:48:54.955  INFO 21988 --- [main] o.a.c.c.C.[Tomcat].[localhost].[/]       : Initializing Spring embedded WebApplicationContext
2024-03-28 17:48:54.957  INFO 21988 --- [main] w.s.c.ServletWebServerApplicationContext : Root WebApplicationContext: initialization completed in 4528 ms
2024-03-28 17:48:55.430  INFO 21988 --- [main] o.hibernate.jpa.internal.util.LogHelper  : HHH000204: Processing PersistenceUnitInfo [name: default]
2024-03-28 17:48:55.530  INFO 21988 --- [main] org.hibernate.Version                    : HHH000412: Hibernate ORM core version 5.4.33
2024-03-28 17:48:55.842  INFO 21988 --- [main] o.hibernate.annotations.common.Version   : HCANN000001: Hibernate Commons Annotations {5.1.2.Final}
2024-03-28 17:48:56.030  INFO 21988 --- [main] com.zaxxer.hikari.HikariDataSource       : HikariPool-1 - Starting...
2024-03-28 17:48:56.768  INFO 21988 --- [main] com.zaxxer.hikari.HikariDataSource       : HikariPool-1 - Start completed.
2024-03-28 17:48:56.798  INFO 21988 --- [main] org.hibernate.dialect.Dialect            : HHH000400: Using dialect: org.hibernate.dialect.MySQL8Dialect
2024-03-28 17:48:57.663  INFO 21988 --- [main] org.hibernate.tuple.PojoInstantiator     : HHH000182: No default (no-argument) constructor for class: com.hcl.model.Employee (class must be instantiated by Interceptor)
2024-03-28 17:48:58.312  INFO 21988 --- [main] o.h.e.t.j.p.i.JtaPlatformInitiator       : HHH000490: Using JtaPlatform implementation: [org.hibernate.engine.transaction.jta.platform.internal.NoJtaPlatform]
2024-03-28 17:48:58.335  INFO 21988 --- [main] j.LocalContainerEntityManagerFactoryBean : Initialized JPA EntityManagerFactory for persistence unit 'default'
2024-03-28 17:48:59.606  WARN 21988 --- [main] JpaBaseConfiguration$JpaWebConfiguration : spring.jpa.open-in-view is enabled by default. Therefore, database queries may be performed during view rendering. Explicitly configure spring.jpa.open-in-view to disable this warning
2024-03-28 17:49:06.445  INFO 21988 --- [main] o.s.b.w.embedded.tomcat.TomcatWebServer  : Tomcat started on port(s): 8082 (http) with context path ''
2024-03-28 17:49:06.448  INFO 21988 --- [main] d.s.w.p.DocumentationPluginsBootstrapper : Context refreshed
2024-03-28 17:49:06.500  INFO 21988 --- [main] d.s.w.p.DocumentationPluginsBootstrapper : Found 1 custom documentation plugin(s)
2024-03-28 17:49:06.527  INFO 21988 --- [main] s.d.s.w.s.ApiListingReferenceScanner     : Scanning for api listing references
2024-03-28 17:49:06.781  INFO 21988 --- [main] com.hcl.OneToOneDemoApplication          : Started OneToOneDemoApplication in 17.56 seconds (JVM running for 21.556)
2024-03-28 17:49:17.783  INFO 21988 --- [http-nio-8082-exec-5] o.a.c.c.C.[Tomcat].[localhost].[/]       : Initializing Spring DispatcherServlet 'dispatcherServlet'
2024-03-28 17:49:17.783  INFO 21988 --- [http-nio-8082-exec-5] o.s.web.servlet.DispatcherServlet        : Initializing Servlet 'dispatcherServlet'
2024-03-28 17:49:17.789  INFO 21988 --- [http-nio-8082-exec-5] o.s.web.servlet.DispatcherServlet        : Completed initialization in 6 ms
2024-03-28 17:49:19.259  INFO 21988 --- [http-nio-8082-exec-1] o.springdoc.api.AbstractOpenApiResource  : Init duration for springdoc-openapi is: 1215 ms
